00:00:00.487381 VirtualBox GUI VM Selector Window 6.1.36 r152435 linux.amd64 (Jul 21 2022 10:08:57) release log
00:00:00.487383 Log opened 2022-08-02T01:22:09.457280000Z
00:00:00.487384 Build Type: release
00:00:00.487388 OS Product: Linux
00:00:00.487389 OS Release: 5.18.15-arch1-1
00:00:00.487390 OS Version: #1 SMP PREEMPT_DYNAMIC Fri, 29 Jul 2022 22:52:39 +0000
00:00:00.487413 DMI Product Name: Latitude E6430
00:00:00.487422 DMI Product Version: 01
00:00:00.487426 Firmware type: UEFI
00:00:00.487755 Secure Boot: Disabled
00:00:00.487807 Host RAM: 15904MB (15.5GB) total, 14039MB (13.7GB) available
00:00:00.487810 Executable: /usr/lib/virtualbox/VirtualBox
00:00:00.487811 Process ID: 135339
00:00:00.487811 Package type: LINUX_64BITS_GENERIC (OSE)
00:00:00.487851 Qt version: 5.15.5
00:00:00.513311 GUI: UIMediumEnumerator: Medium-enumeration started...
00:00:01.073132 GUI: UIDesktopWidgetWatchdog::sltHandleHostScreenAvailableGeometryCalculated: Screen 0 work area is actually resized to: 20x56 x 654x688
00:00:01.074721 GUI: UIDesktopWidgetWatchdog::sltHandleHostScreenAvailableGeometryCalculated: Screen 1 work area is actually resized to: 688x56 x 654x337
00:00:01.100238 GUI: UIMediumEnumerator: Medium-enumeration finished!
00:00:52.838967 GUI: UIMediumEnumerator: Medium-enumeration finished!
00:00:52.881270 GUI: UIMediumEnumerator: Medium-enumeration finished!
00:01:38.921174 GUI: UIMediumEnumerator: Medium with key={{26f449c4-99ab-4db9-9aa6-76ed304d0ade}} created
00:01:38.953594 GUI: UIMediumEnumerator: Medium-enumeration finished!
00:01:53.152030 GUI: UIMediumEnumerator: Medium-enumeration finished!
00:01:53.169924 GUI: UIMediumEnumerator: Medium-enumeration finished!
00:05:06.117140 GUI: UIMediumEnumerator: Medium-enumeration finished!
00:06:58.228522 GUI: UIMediumEnumerator: Medium-enumeration finished!
00:07:01.944802 GUI: UIMediumEnumerator: Medium-enumeration finished!
